<?xml version="1.0" encoding="UTF-8"?>
<testsuites name="TS_RegressionTest" time="86" tests="2" failures="0" errors="0">
   <testsuite name="TS_RegressionTest" tests="2" failures="0" errors="0" time="86" timestamp="2018-07-01 10:01:53" hostname="Administrator - XSHD--20161124D" id="Test Suites/TS_RegressionTest">
      <properties>
         <property name="deviceName" value="Genymotion Samsung Galaxy S3 - 4.3 - API 18 - 720x1280 (Android 4.3)"/>
         <property name="devicePlatform" value=""/>
         <property name="logFolder" value="E:\\katalon_Automation\\katalon-mobile\\Reports\\TS_RegressionTest\\20180701_100150"/>
         <property name="logFiles" value="E:\\katalon_Automation\\katalon-mobile\\Reports\\TS_RegressionTest\\20180701_100150\\appium.log, E:\\katalon_Automation\\katalon-mobile\\Reports\\TS_RegressionTest\\20180701_100150\\execution0.log"/>
         <property name="attachments" value=""/>
         <property name="hostName" value="Administrator - XSHD--20161124D"/>
         <property name="os" value="Windows 7 64bit"/>
         <property name="katalonVersion" value="5.4.1.1"/>
         <property name="deviceOS" value="Android"/>
         <property name="appiumVersion" value="1.8.1"/>
         <property name="deviceModel" value="Samsung Galaxy S3 - 4.3 - API 18 - 720x1280"/>
         <property name="hostAddress" value="192.168.56.1"/>
         <property name="deviceManufacturer" value="Genymotion"/>
         <property name="deviceId" value="192.168.153.101:5555"/>
         <property name="deviceName" value="Genymotion Samsung Galaxy S3 - 4.3 - API 18 - 720x1280 (Android 4.3)"/>
         <property name="deviceOSVersion" value="4.3"/>
      </properties>
      <testcase name="Test Cases/TC01_Verify Correct Alarm Message" classname="Test Cases/TC01_Verify Correct Alarm Message" status="PASSED">
         <system-out><![CDATA[2018-07-01 10:01:54 - [TEST_CASE][PASSED] - Test Cases/TC01_Verify Correct Alarm Message: Test Cases/TC01_Verify Correct Alarm Message

2018-07-01 10:01:54 - [TEST_STEP][PASSED] - comment: Story: Verify correct alarm message

2018-07-01 10:01:54 - [TEST_STEP][PASSED] - comment: Given that user has started an application

2018-07-01 10:01:54 - [TEST_STEP][PASSED] - Statement - appPath = com.kms.katalon.core.util.internal.PathUtil.relativeToAbsolutePath(G_AndroidApp, com.kms.katalon.core.configuration.RunConfiguration.getProjectDir()): null

2018-07-01 10:01:54 - [TEST_STEP][PASSED] - startApplication: Started app at: 'E:\katalon_Automation\katalon-mobile\androidapp\APIDemos.apk'

2018-07-01 10:02:10 - [MESSAGE][PASSED] - Started app at: 'E:\katalon_Automation\katalon-mobile\androidapp\APIDemos.apk'

2018-07-01 10:02:10 - [TEST_STEP][PASSED] - comment: And he navigates the application to Activity form

2018-07-01 10:02:10 - [TEST_STEP][PASSED] - tap: Tapped on element 'Object Repository/Application/android.widget.TextView - App'

2018-07-01 10:02:15 - [MESSAGE][PASSED] - Tapped on element 'Object Repository/Application/android.widget.TextView - App'

2018-07-01 10:02:15 - [TEST_STEP][PASSED] - tap: Tapped on element 'Object Repository/Application/App/android.widget.TextView-Activity'

2018-07-01 10:02:17 - [MESSAGE][PASSED] - Tapped on element 'Object Repository/Application/App/android.widget.TextView-Activity'

2018-07-01 10:02:17 - [TEST_STEP][PASSED] - comment: When he taps on the Custom Dialog button

2018-07-01 10:02:17 - [TEST_STEP][PASSED] - tap: Tapped on element 'Object Repository/Application/App/Activity/android.widget.TextView-Custom Dialog'

2018-07-01 10:02:24 - [MESSAGE][PASSED] - Tapped on element 'Object Repository/Application/App/Activity/android.widget.TextView-Custom Dialog'

2018-07-01 10:02:24 - [TEST_STEP][PASSED] - Statement - message = com.kms.katalon.core.mobile.keyword.MobileBuiltInKeywords.getText(com.kms.katalon.core.testobject.ObjectRepository.findTestObject(Application/App/Activity/Custom Dialog/android.widget.TextViewCustomDialog), 10): Text of element 'Object Repository/Application/App/Activity/Custom Dialog/android.widget.TextViewCustomDialog' is: 'Example of how you can use a custom Theme.Dialog theme to make an activity that looks like a customized dialog, here with an ugly frame.'

2018-07-01 10:02:25 - [MESSAGE][PASSED] - Text of element 'Object Repository/Application/App/Activity/Custom Dialog/android.widget.TextViewCustomDialog' is: 'Example of how you can use a custom Theme.Dialog theme to make an activity that looks like a customized dialog, here with an ugly frame.'

2018-07-01 10:02:25 - [TEST_STEP][PASSED] - comment: Then the correct dialog message should be displayed

2018-07-01 10:02:25 - [TEST_STEP][PASSED] - verifyEqual: Actual object 'Example of how you can use a custom Theme.Dialog theme to make an activity that looks like a customized dialog, here with an ugly frame.' and expected object 'Example of how you can use a custom Theme.Dialog theme to make an activity that looks like a customized dialog, here with an ugly frame.' are equal

2018-07-01 10:02:25 - [MESSAGE][PASSED] - Actual object 'Example of how you can use a custom Theme.Dialog theme to make an activity that looks like a customized dialog, here with an ugly frame.' and expected object 'Example of how you can use a custom Theme.Dialog theme to make an activity that looks like a customized dialog, here with an ugly frame.' are equal

2018-07-01 10:02:25 - [TEST_STEP][PASSED] - closeApplication: Close app successfully

2018-07-01 10:02:28 - [MESSAGE][PASSED] - Close app successfully]]></system-out>
         <system-err><![CDATA[]]></system-err>
      </testcase>
      <testcase name="Test Cases/TC02_Verify Last Items In List" classname="Test Cases/TC02_Verify Last Items In List" status="PASSED">
         <system-out><![CDATA[2018-07-01 10:02:28 - [TEST_CASE][PASSED] - Test Cases/TC02_Verify Last Items In List: Test Cases/TC02_Verify Last Items In List

2018-07-01 10:02:28 - [TEST_STEP][PASSED] - comment: Story: Verify correct alarm message

2018-07-01 10:02:28 - [TEST_STEP][PASSED] - comment: Given that user has started an application

2018-07-01 10:02:28 - [TEST_STEP][PASSED] - Statement - appPath = com.kms.katalon.core.util.internal.PathUtil.relativeToAbsolutePath(G_AndroidApp, com.kms.katalon.core.configuration.RunConfiguration.getProjectDir()): null

2018-07-01 10:02:28 - [TEST_STEP][PASSED] - startApplication: Started app at: 'E:\katalon_Automation\katalon-mobile\androidapp\APIDemos.apk'

2018-07-01 10:02:41 - [MESSAGE][PASSED] - Started app at: 'E:\katalon_Automation\katalon-mobile\androidapp\APIDemos.apk'

2018-07-01 10:02:41 - [TEST_STEP][PASSED] - comment: And he navigates the application to Graphics form

2018-07-01 10:02:41 - [TEST_STEP][PASSED] - tap: Tapped on element 'Object Repository/Application/android.widget.TextView - Graphics'

2018-07-01 10:02:46 - [MESSAGE][PASSED] - Tapped on element 'Object Repository/Application/android.widget.TextView - Graphics'

2018-07-01 10:02:46 - [TEST_STEP][PASSED] - comment: When he scroll to Xfermodes text

2018-07-01 10:02:46 - [TEST_STEP][PASSED] - scrollToText: Scrolling to text 'Xfermodes' successfully

2018-07-01 10:03:18 - [MESSAGE][PASSED] - Scrolling to text 'Xfermodes' successfully

2018-07-01 10:03:18 - [TEST_STEP][PASSED] - comment: Then the current screen should show Xfermodes text after scrolling

2018-07-01 10:03:18 - [TEST_STEP][PASSED] - Statement - itemText = com.kms.katalon.core.mobile.keyword.MobileBuiltInKeywords.getText(com.kms.katalon.core.testobject.ObjectRepository.findTestObject(Application/Graphics/android.widget.TextView - Xfermodes), G_Timeout): Text of element 'Object Repository/Application/Graphics/android.widget.TextView - Xfermodes' is: 'Xfermodes'

2018-07-01 10:03:18 - [MESSAGE][PASSED] - Text of element 'Object Repository/Application/Graphics/android.widget.TextView - Xfermodes' is: 'Xfermodes'

2018-07-01 10:03:18 - [TEST_STEP][PASSED] - verifyEqual: Actual object 'Xfermodes' and expected object 'Xfermodes' are equal

2018-07-01 10:03:18 - [MESSAGE][PASSED] - Actual object 'Xfermodes' and expected object 'Xfermodes' are equal

2018-07-01 10:03:18 - [TEST_STEP][PASSED] - closeApplication: Close app successfully

2018-07-01 10:03:20 - [MESSAGE][PASSED] - Close app successfully]]></system-out>
         <system-err><![CDATA[]]></system-err>
      </testcase>
      <system-out><![CDATA[2018-07-01 10:01:53 - [TEST_SUITE][PASSED] - TS_RegressionTest: Test Cases/TC02_Verify Last Items In List]]></system-out>
      <system-err><![CDATA[]]></system-err>
   </testsuite>
</testsuites>
